
####################
-- 28/11 19:07:42 --
Nueva instancia de configuracion iniciada
####################

Escaneando... tienes 230 segundos para pasar al siguiente puerto.
Escaneando... tienes 220 segundos para pasar al siguiente puerto.
Escaneando... tienes 210 segundos para pasar al siguiente puerto.
Escaneando... tienes 200 segundos para pasar al siguiente puerto.
Escaneando... tienes 190 segundos para pasar al siguiente puerto.
Escaneando... tienes 180 segundos para pasar al siguiente puerto.
Escaneando... tienes 170 segundos para pasar al siguiente puerto.
Escaneando... tienes 160 segundos para pasar al siguiente puerto.
Escaneando... tienes 150 segundos para pasar al siguiente puerto.
Escaneando... tienes 140 segundos para pasar al siguiente puerto.
Escaneando... tienes 130 segundos para pasar al siguiente puerto.
Escaneando... tienes 120 segundos para pasar al siguiente puerto.
Escaneando... tienes 110 segundos para pasar al siguiente puerto.
Escaneando... tienes 100 segundos para pasar al siguiente puerto.
Escaneando... tienes 90 segundos para pasar al siguiente puerto.
Escaneando... tienes 80 segundos para pasar al siguiente puerto.
Escaneando... tienes 70 segundos para pasar al siguiente puerto.
Escaneando... tienes 60 segundos para pasar al siguiente puerto.
Escaneando... tienes 50 segundos para pasar al siguiente puerto.
Escaneando... tienes 40 segundos para pasar al siguiente puerto.
Escaneando... tienes 30 segundos para pasar al siguiente puerto.
Escaneando... tienes 20 segundos para pasar al siguiente puerto.
Escaneando... tienes 10 segundos para pasar al siguiente puerto.
Escaneando... tienes 0 segundos para pasar al siguiente puerto.
28/11 19:07:42 | Tiempo terminado. Saliendo del programa
XXXX Programa detenido - XXXX

####################
-- 28/11 19:53:42 --
Nueva instancia de configuracion iniciada
####################

Escaneando... tienes 230 segundos para pasar al siguiente puerto.
Escaneando... tienes 220 segundos para pasar al siguiente puerto.

####################
-- 28/11 19:56:44 --
Nueva instancia de configuracion iniciada
####################

Escaneando... tienes 230 segundos para pasar al siguiente puerto.
Escaneando... tienes 220 segundos para pasar al siguiente puerto.
Escaneando... tienes 210 segundos para pasar al siguiente puerto.
Escaneando... tienes 200 segundos para pasar al siguiente puerto.
Escaneando... tienes 190 segundos para pasar al siguiente puerto.
Escaneando... tienes 180 segundos para pasar al siguiente puerto.
Escaneando... tienes 170 segundos para pasar al siguiente puerto.
Escaneando... tienes 160 segundos para pasar al siguiente puerto.
Escaneando... tienes 150 segundos para pasar al siguiente puerto.
Escaneando... tienes 140 segundos para pasar al siguiente puerto.
Escaneando... tienes 130 segundos para pasar al siguiente puerto.
Escaneando... tienes 120 segundos para pasar al siguiente puerto.
Escaneando... tienes 110 segundos para pasar al siguiente puerto.
Escaneando... tienes 100 segundos para pasar al siguiente puerto.
Escaneando... tienes 90 segundos para pasar al siguiente puerto.
Escaneando... tienes 80 segundos para pasar al siguiente puerto.
Escaneando... tienes 70 segundos para pasar al siguiente puerto.
Escaneando... tienes 60 segundos para pasar al siguiente puerto.
Escaneando... tienes 50 segundos para pasar al siguiente puerto.
Escaneando... tienes 40 segundos para pasar al siguiente puerto.
Escaneando... tienes 30 segundos para pasar al siguiente puerto.
Escaneando... tienes 20 segundos para pasar al siguiente puerto.
Escaneando... tienes 10 segundos para pasar al siguiente puerto.
Escaneando... tienes 0 segundos para pasar al siguiente puerto.
28/11 19:56:44 | Tiempo terminado. Saliendo del programa
XXXX Programa detenido - XXXX

####################
-- 28/11 20:14:47 --
Nueva instancia de configuracion iniciada
####################

28/11 20:14:47 | Desconecta el lector y colocalo siguiente puerto hacia la derecha
Escaneando... tienes 240 segundos para pasar al siguiente puerto.
28/11 20:14:47 | Desconecta el lector y colocalo siguiente puerto hacia la derecha
Escaneando... tienes 240 segundos para pasar al siguiente puerto.
28/11 20:14:47 | Insertaste el lector en el primer puerto. Saliendo del programa
XXXX Programa detenido - XXXX

####################
-- 28/11 20:15:34 --
Nueva instancia de configuracion iniciada
####################

Escaneando... tienes 230 segundos para pasar al siguiente puerto.
Escaneando... tienes 220 segundos para pasar al siguiente puerto.
Escaneando... tienes 210 segundos para pasar al siguiente puerto.
Escaneando... tienes 200 segundos para pasar al siguiente puerto.
Escaneando... tienes 190 segundos para pasar al siguiente puerto.
Escaneando... tienes 180 segundos para pasar al siguiente puerto.
Escaneando... tienes 170 segundos para pasar al siguiente puerto.
Escaneando... tienes 160 segundos para pasar al siguiente puerto.
Escaneando... tienes 150 segundos para pasar al siguiente puerto.
Escaneando... tienes 140 segundos para pasar al siguiente puerto.
Escaneando... tienes 130 segundos para pasar al siguiente puerto.
Escaneando... tienes 120 segundos para pasar al siguiente puerto.
Escaneando... tienes 110 segundos para pasar al siguiente puerto.
Escaneando... tienes 100 segundos para pasar al siguiente puerto.
Escaneando... tienes 90 segundos para pasar al siguiente puerto.
Escaneando... tienes 80 segundos para pasar al siguiente puerto.
Escaneando... tienes 70 segundos para pasar al siguiente puerto.
Escaneando... tienes 60 segundos para pasar al siguiente puerto.
Escaneando... tienes 50 segundos para pasar al siguiente puerto.
Escaneando... tienes 40 segundos para pasar al siguiente puerto.
Escaneando... tienes 30 segundos para pasar al siguiente puerto.
Escaneando... tienes 20 segundos para pasar al siguiente puerto.
Escaneando... tienes 10 segundos para pasar al siguiente puerto.
Escaneando... tienes 0 segundos para pasar al siguiente puerto.
28/11 20:15:34 | Tiempo terminado. Saliendo del programa
XXXX Programa detenido - XXXX

####################
-- 28/11 20:29:11 --
Nueva instancia de configuracion iniciada
####################

28/11 20:29:11 | Desconecta el lector y colocalo siguiente puerto hacia la derecha
Escaneando... tienes 240 segundos para pasar al siguiente puerto.
28/11 20:29:11 | Desconecta el lector y colocalo siguiente puerto hacia la derecha
Escaneando... tienes 240 segundos para pasar al siguiente puerto.
28/11 20:29:11 | Desconecta el lector y colocalo siguiente puerto hacia la derecha
Escaneando... tienes 240 segundos para pasar al siguiente puerto.
28/11 20:29:11 | Desconecta el lector y colocalo siguiente puerto hacia la derecha
Escaneando... tienes 240 segundos para pasar al siguiente puerto.
28/11 20:29:11 | Insertaste el lector en el primer puerto. Saliendo del programa
XXXX Programa detenido - XXXX
